# JRE version: Java(TM) SE Runtime Environment (17.0.11+7) (build 17.0.11+7-LTS-207)
# Java VM: Java HotSpot(TM) 64-Bit Server VM (17.0.11+7-LTS-207, mixed mode, sharing, tiered, compressed oops, compressed class ptrs, g1 gc, windows-amd64)
GC Precious Log:
 CPUs: 4 total, 4 available
 Memory: 16017M
 Large Page Support: Disabled
 NUMA Support: Disabled
 Compressed Oops: Enabled (Zero based)
 Heap Region Size: 2M
 Heap Min Capacity: 8M
 Heap Initial Capacity: 252M
 Heap Max Capacity: 4006M
 Pre-touch: Disabled
 Parallel Workers: 4
 Concurrent Workers: 1
 Concurrent Refinement Workers: 4
 Periodic GC: Disabled
Heap:
 garbage-first heap   total 90112K, used 22731K [0x0000000705a00000, 0x0000000800000000)
  region size 2048K, 3 young (6144K), 2 survivors (4096K)
 Metaspace       used 36234K, committed 36672K, reserved 1114112K
  class space    used 4720K, committed 4928K, reserved 1048576K
GC Heap History (20 events):
Event: 1.194 GC heap before
{Heap before GC invocations=1 (full 0):
 garbage-first heap   total 258048K, used 17170K [0x0000000705a00000, 0x0000000800000000)
  region size 2048K, 6 young (12288K), 1 survivors (2048K)
 Metaspace       used 7214K, committed 7360K, reserved 1114112K
  class space    used 826K, committed 896K, reserved 1048576K
}
Event: 1.198 GC heap after
{Heap after GC invocations=2 (full 0):
 garbage-first heap   total 258048K, used 8471K [0x0000000705a00000, 0x0000000800000000)
  region size 2048K, 1 young (2048K), 1 survivors (2048K)
 Metaspace       used 7214K, committed 7360K, reserved 1114112K
  class space    used 826K, committed 896K, reserved 1048576K
}
Event: 2.138 GC heap before
{Heap before GC invocations=2 (full 0):
 garbage-first heap   total 258048K, used 26903K [0x0000000705a00000, 0x0000000800000000)
  region size 2048K, 10 young (20480K), 1 survivors (2048K)
 Metaspace       used 11565K, committed 11904K, reserved 1114112K
  class space    used 1437K, committed 1600K, reserved 1048576K
}
Event: 2.142 GC heap after
{Heap after GC invocations=3 (full 0):
 garbage-first heap   total 258048K, used 9931K [0x0000000705a00000, 0x0000000800000000)
  region size 2048K, 2 young (4096K), 2 survivors (4096K)
 Metaspace       used 11565K, committed 11904K, reserved 1114112K
  class space    used 1437K, committed 1600K, reserved 1048576K
}
Event: 3.288 GC heap before
{Heap before GC invocations=3 (full 0):
 garbage-first heap   total 258048K, used 52939K [0x0000000705a00000, 0x0000000800000000)
  region size 2048K, 24 young (49152K), 2 survivors (4096K)
 Metaspace       used 21284K, committed 21504K, reserved 1114112K
  class space    used 2746K, committed 2880K, reserved 1048576K
}
Event: 3.297 GC heap after
{Heap after GC invocations=4 (full 0):
 garbage-first heap   total 258048K, used 12870K [0x0000000705a00000, 0x0000000800000000)
  region size 2048K, 3 young (6144K), 3 survivors (6144K)
 Metaspace       used 21284K, committed 21504K, reserved 1114112K
  class space    used 2746K, committed 2880K, reserved 1048576K
}
Event: 8.750 GC heap before
{Heap before GC invocations=5 (full 0):
 garbage-first heap   total 55296K, used 39494K [0x0000000705a00000, 0x0000000800000000)
  region size 2048K, 16 young (32768K), 3 survivors (6144K)
 Metaspace       used 24761K, committed 25152K, reserved 1114112K
  class space    used 3226K, committed 3392K, reserved 1048576K
}
Event: 8.761 GC heap after
{Heap after GC invocations=6 (full 0):
 garbage-first heap   total 55296K, used 14844K [0x0000000705a00000, 0x0000000800000000)
  region size 2048K, 2 young (4096K), 2 survivors (4096K)
 Metaspace       used 24761K, committed 25152K, reserved 1114112K
  class space    used 3226K, committed 3392K, reserved 1048576K
}
Event: 8.784 GC heap before
{Heap before GC invocations=6 (full 0):
 garbage-first heap   total 55296K, used 16892K [0x0000000705a00000, 0x0000000800000000)
  region size 2048K, 3 young (6144K), 2 survivors (4096K)
 Metaspace       used 25089K, committed 25472K, reserved 1114112K
  class space    used 3247K, committed 3392K, reserved 1048576K
}
Event: 8.789 GC heap after
{Heap after GC invocations=7 (full 0):
 garbage-first heap   total 55296K, used 15451K [0x0000000705a00000, 0x0000000800000000)
  region size 2048K, 1 young (2048K), 1 survivors (2048K)
 Metaspace       used 25089K, committed 25472K, reserved 1114112K
  class space    used 3247K, committed 3392K, reserved 1048576K
}
Event: 9.396 GC heap before
{Heap before GC invocations=7 (full 0):
 garbage-first heap   total 55296K, used 35931K [0x0000000705a00000, 0x0000000800000000)
  region size 2048K, 11 young (22528K), 1 survivors (2048K)
 Metaspace       used 26640K, committed 27008K, reserved 1114112K
  class space    used 3422K, committed 3584K, reserved 1048576K
}
Event: 9.399 GC heap after
{Heap after GC invocations=8 (full 0):
 garbage-first heap   total 55296K, used 17222K [0x0000000705a00000, 0x0000000800000000)
  region size 2048K, 2 young (4096K), 2 survivors (4096K)
 Metaspace       used 26640K, committed 27008K, reserved 1114112K
  class space    used 3422K, committed 3584K, reserved 1048576K
}
Event: 9.874 GC heap before
{Heap before GC invocations=8 (full 0):
 garbage-first heap   total 55296K, used 35654K [0x0000000705a00000, 0x0000000800000000)
  region size 2048K, 11 young (22528K), 2 survivors (4096K)
 Metaspace       used 28265K, committed 28608K, reserved 1114112K
  class space    used 3628K, committed 3776K, reserved 1048576K
}
Event: 9.880 GC heap after
{Heap after GC invocations=9 (full 0):
 garbage-first heap   total 55296K, used 18537K [0x0000000705a00000, 0x0000000800000000)
  region size 2048K, 2 young (4096K), 2 survivors (4096K)
 Metaspace       used 28265K, committed 28608K, reserved 1114112K
  class space    used 3628K, committed 3776K, reserved 1048576K
}
Event: 10.682 GC heap before
{Heap before GC invocations=9 (full 0):
 garbage-first heap   total 55296K, used 39017K [0x0000000705a00000, 0x0000000800000000)
  region size 2048K, 12 young (24576K), 2 survivors (4096K)
 Metaspace       used 30548K, committed 31040K, reserved 1114112K
  class space    used 3984K, committed 4224K, reserved 1048576K
}
Event: 10.691 GC heap after
{Heap after GC invocations=10 (full 0):
 garbage-first heap   total 55296K, used 20166K [0x0000000705a00000, 0x0000000800000000)
  region size 2048K, 2 young (4096K), 2 survivors (4096K)
 Metaspace       used 30548K, committed 31040K, reserved 1114112K
  class space    used 3984K, committed 4224K, reserved 1048576K
}
Event: 11.441 GC heap before
{Heap before GC invocations=10 (full 0):
 garbage-first heap   total 55296K, used 38598K [0x0000000705a00000, 0x0000000800000000)
  region size 2048K, 11 young (22528K), 2 survivors (4096K)
 Metaspace       used 32895K, committed 33344K, reserved 1114112K
  class space    used 4326K, committed 4544K, reserved 1048576K
}
Event: 11.450 GC heap after
{Heap after GC invocations=11 (full 0):
 garbage-first heap   total 55296K, used 21993K [0x0000000705a00000, 0x0000000800000000)
  region size 2048K, 2 young (4096K), 2 survivors (4096K)
 Metaspace       used 32895K, committed 33344K, reserved 1114112K
  class space    used 4326K, committed 4544K, reserved 1048576K
}
Event: 12.117 GC heap before
{Heap before GC invocations=11 (full 0):
 garbage-first heap   total 55296K, used 34281K [0x0000000705a00000, 0x0000000800000000)
  region size 2048K, 9 young (18432K), 2 survivors (4096K)
 Metaspace       used 35982K, committed 36416K, reserved 1114112K
  class space    used 4694K, committed 4928K, reserved 1048576K
}
Event: 12.128 GC heap after
{Heap after GC invocations=12 (full 0):
 garbage-first heap   total 157696K, used 22731K [0x0000000705a00000, 0x0000000800000000)
  region size 2048K, 2 young (4096K), 2 survivors (4096K)
 Metaspace       used 35982K, committed 36416K, reserved 1114112K
  class space    used 4694K, committed 4928K, reserved 1048576K
}

